\BOOKMARK [2][]{PDF:Appointments.2}{Appointments}{}% 1
\BOOKMARK [2][]{PDF:Education.2}{Education}{}% 2
\BOOKMARK [2][]{PDF:Professional.2}{Professional\040Affiliations}{}% 3
\BOOKMARK [2][]{PDF:Honors.2}{Honors\040andAwards}{}% 4
\BOOKMARK [2][]{PDF:Professional.2}{Professional\040Service}{}% 5
\BOOKMARK [3][]{PDF:External_Service.3}{External\040Service}{PDF:Professional.2}% 6
\BOOKMARK [3][]{PDF:Northwestern_University_Service.3}{Northwestern\040University\040Service}{PDF:Professional.2}% 7
\BOOKMARK [2][]{PDF:Research.2}{Research\040Support}{}% 8
\BOOKMARK [2][]{PDF:Mentoring.2}{Mentoring}{}% 9
\BOOKMARK [3][]{PDF:Graduate_Students.3}{Graduate\040Students}{PDF:Mentoring.2}% 10
\BOOKMARK [3][]{PDF:Postdoctoral_Fellows.3}{Postdoctoral\040Fellows}{PDF:Mentoring.2}% 11
\BOOKMARK [3][]{PDF:Junior_Faculty.3}{Junior\040Faculty}{PDF:Mentoring.2}% 12
\BOOKMARK [3][]{PDF:Other_Trainees.3}{Other\040Trainees}{PDF:Mentoring.2}% 13
\BOOKMARK [2][]{PDF:Publications.2}{Publications}{}% 14
\BOOKMARK [3][]{PDF:Editorial_Material.3}{Editorial\040Material}{PDF:Publications.2}% 15
\BOOKMARK [3][]{PDF:Review_Articles.3}{Review\040Articles}{PDF:Publications.2}% 16
\BOOKMARK [3][]{PDF:Research_Articles.3}{Research\040Articles}{PDF:Publications.2}% 17
\BOOKMARK [3][]{PDF:Other_Publications.3}{Other\040Publications}{PDF:Publications.2}% 18
\BOOKMARK [2][]{PDF:Presentations.2}{Presentations}{}% 19
\BOOKMARK [3][]{PDF:Invited_Presentations.3}{Invited\040Presentations}{PDF:Presentations.2}% 20
\BOOKMARK [3][]{PDF:Contributed_Presentations.3}{Contributed\040Presentations}{PDF:Presentations.2}% 21
